[27-Mar-2019 23:59:14 UTC] PHP Warning:  include(/DBConnect.php): failed to open stream: No such file or directory in /home/ubuntu/workspace/s2019cst336s2/midterm/api/getMatch.php on line 2
[27-Mar-2019 23:59:14 UTC] PHP Stack trace:
[27-Mar-2019 23:59:14 UTC] PHP   1. {main}() /home/ubuntu/workspace/s2019cst336s2/midterm/api/getMatch.php:0
[27-Mar-2019 23:59:14 UTC] PHP Warning:  include(): Failed opening '/DBConnect.php' for inclusion (include_path='.:/usr/share/php:/usr/share/pear') in /home/ubuntu/workspace/s2019cst336s2/midterm/api/getMatch.php on line 2
[27-Mar-2019 23:59:14 UTC] PHP Stack trace:
[27-Mar-2019 23:59:14 UTC] PHP   1. {main}() /home/ubuntu/workspace/s2019cst336s2/midterm/api/getMatch.php:0
[27-Mar-2019 23:59:14 UTC] PHP Fatal error:  Call to undefined function getDatabaseConnection() in /home/ubuntu/workspace/s2019cst336s2/midterm/api/getMatch.php on line 4
[27-Mar-2019 23:59:14 UTC] PHP Stack trace:
[27-Mar-2019 23:59:14 UTC] PHP   1. {main}() /home/ubuntu/workspace/s2019cst336s2/midterm/api/getMatch.php:0
[27-Mar-2019 23:59:20 UTC] PHP Warning:  include(/DBConnect.php): failed to open stream: No such file or directory in /home/ubuntu/workspace/s2019cst336s2/midterm/api/getMatch.php on line 2
[27-Mar-2019 23:59:20 UTC] PHP Stack trace:
[27-Mar-2019 23:59:20 UTC] PHP   1. {main}() /home/ubuntu/workspace/s2019cst336s2/midterm/api/getMatch.php:0
[27-Mar-2019 23:59:20 UTC] PHP Warning:  include(): Failed opening '/DBConnect.php' for inclusion (include_path='.:/usr/share/php:/usr/share/pear') in /home/ubuntu/workspace/s2019cst336s2/midterm/api/getMatch.php on line 2
[27-Mar-2019 23:59:20 UTC] PHP Stack trace:
[27-Mar-2019 23:59:20 UTC] PHP   1. {main}() /home/ubuntu/workspace/s2019cst336s2/midterm/api/getMatch.php:0
[27-Mar-2019 23:59:20 UTC] PHP Fatal error:  Call to undefined function getDatabaseConnection() in /home/ubuntu/workspace/s2019cst336s2/midterm/api/getMatch.php on line 4
[27-Mar-2019 23:59:20 UTC] PHP Stack trace:
[27-Mar-2019 23:59:20 UTC] PHP   1. {main}() /home/ubuntu/workspace/s2019cst336s2/midterm/api/getMatch.php:0
[27-Mar-2019 23:59:34 UTC] PHP Warning:  include(/DBConnect.php): failed to open stream: No such file or directory in /home/ubuntu/workspace/s2019cst336s2/midterm/api/getMatch.php on line 2
[27-Mar-2019 23:59:34 UTC] PHP Stack trace:
[27-Mar-2019 23:59:34 UTC] PHP   1. {main}() /home/ubuntu/workspace/s2019cst336s2/midterm/api/getMatch.php:0
[27-Mar-2019 23:59:34 UTC] PHP Warning:  include(): Failed opening '/DBConnect.php' for inclusion (include_path='.:/usr/share/php:/usr/share/pear') in /home/ubuntu/workspace/s2019cst336s2/midterm/api/getMatch.php on line 2
[27-Mar-2019 23:59:34 UTC] PHP Stack trace:
[27-Mar-2019 23:59:34 UTC] PHP   1. {main}() /home/ubuntu/workspace/s2019cst336s2/midterm/api/getMatch.php:0
[27-Mar-2019 23:59:34 UTC] PHP Fatal error:  Call to undefined function getDatabaseConnection() in /home/ubuntu/workspace/s2019cst336s2/midterm/api/getMatch.php on line 4
[27-Mar-2019 23:59:34 UTC] PHP Stack trace:
[27-Mar-2019 23:59:34 UTC] PHP   1. {main}() /home/ubuntu/workspace/s2019cst336s2/midterm/api/getMatch.php:0
[27-Mar-2019 23:59:35 UTC] PHP Warning:  include(/DBConnect.php): failed to open stream: No such file or directory in /home/ubuntu/workspace/s2019cst336s2/midterm/api/getMatch.php on line 2
[27-Mar-2019 23:59:35 UTC] PHP Stack trace:
[27-Mar-2019 23:59:35 UTC] PHP   1. {main}() /home/ubuntu/workspace/s2019cst336s2/midterm/api/getMatch.php:0
[27-Mar-2019 23:59:35 UTC] PHP Warning:  include(): Failed opening '/DBConnect.php' for inclusion (include_path='.:/usr/share/php:/usr/share/pear') in /home/ubuntu/workspace/s2019cst336s2/midterm/api/getMatch.php on line 2
[27-Mar-2019 23:59:35 UTC] PHP Stack trace:
[27-Mar-2019 23:59:35 UTC] PHP   1. {main}() /home/ubuntu/workspace/s2019cst336s2/midterm/api/getMatch.php:0
[27-Mar-2019 23:59:35 UTC] PHP Fatal error:  Call to undefined function getDatabaseConnection() in /home/ubuntu/workspace/s2019cst336s2/midterm/api/getMatch.php on line 4
[27-Mar-2019 23:59:35 UTC] PHP Stack trace:
[27-Mar-2019 23:59:35 UTC] PHP   1. {main}() /home/ubuntu/workspace/s2019cst336s2/midterm/api/getMatch.php:0
[27-Mar-2019 23:59:37 UTC] PHP Warning:  include(/DBConnect.php): failed to open stream: No such file or directory in /home/ubuntu/workspace/s2019cst336s2/midterm/api/getMatch.php on line 2
[27-Mar-2019 23:59:37 UTC] PHP Stack trace:
[27-Mar-2019 23:59:37 UTC] PHP   1. {main}() /home/ubuntu/workspace/s2019cst336s2/midterm/api/getMatch.php:0
[27-Mar-2019 23:59:37 UTC] PHP Warning:  include(): Failed opening '/DBConnect.php' for inclusion (include_path='.:/usr/share/php:/usr/share/pear') in /home/ubuntu/workspace/s2019cst336s2/midterm/api/getMatch.php on line 2
[27-Mar-2019 23:59:37 UTC] PHP Stack trace:
[27-Mar-2019 23:59:37 UTC] PHP   1. {main}() /home/ubuntu/workspace/s2019cst336s2/midterm/api/getMatch.php:0
[27-Mar-2019 23:59:37 UTC] PHP Fatal error:  Call to undefined function getDatabaseConnection() in /home/ubuntu/workspace/s2019cst336s2/midterm/api/getMatch.php on line 4
[27-Mar-2019 23:59:37 UTC] PHP Stack trace:
[27-Mar-2019 23:59:37 UTC] PHP   1. {main}() /home/ubuntu/workspace/s2019cst336s2/midterm/api/getMatch.php:0
[27-Mar-2019 23:59:37 UTC] PHP Warning:  include(/DBConnect.php): failed to open stream: No such file or directory in /home/ubuntu/workspace/s2019cst336s2/midterm/api/getMatch.php on line 2
[27-Mar-2019 23:59:37 UTC] PHP Stack trace:
[27-Mar-2019 23:59:37 UTC] PHP   1. {main}() /home/ubuntu/workspace/s2019cst336s2/midterm/api/getMatch.php:0
[27-Mar-2019 23:59:37 UTC] PHP Warning:  include(): Failed opening '/DBConnect.php' for inclusion (include_path='.:/usr/share/php:/usr/share/pear') in /home/ubuntu/workspace/s2019cst336s2/midterm/api/getMatch.php on line 2
[27-Mar-2019 23:59:37 UTC] PHP Stack trace:
[27-Mar-2019 23:59:37 UTC] PHP   1. {main}() /home/ubuntu/workspace/s2019cst336s2/midterm/api/getMatch.php:0
[27-Mar-2019 23:59:37 UTC] PHP Fatal error:  Call to undefined function getDatabaseConnection() in /home/ubuntu/workspace/s2019cst336s2/midterm/api/getMatch.php on line 4
[27-Mar-2019 23:59:37 UTC] PHP Stack trace:
[27-Mar-2019 23:59:37 UTC] PHP   1. {main}() /home/ubuntu/workspace/s2019cst336s2/midterm/api/getMatch.php:0
[27-Mar-2019 23:59:38 UTC] PHP Warning:  include(/DBConnect.php): failed to open stream: No such file or directory in /home/ubuntu/workspace/s2019cst336s2/midterm/api/getMatch.php on line 2
[27-Mar-2019 23:59:38 UTC] PHP Stack trace:
[27-Mar-2019 23:59:38 UTC] PHP   1. {main}() /home/ubuntu/workspace/s2019cst336s2/midterm/api/getMatch.php:0
[27-Mar-2019 23:59:38 UTC] PHP Warning:  include(): Failed opening '/DBConnect.php' for inclusion (include_path='.:/usr/share/php:/usr/share/pear') in /home/ubuntu/workspace/s2019cst336s2/midterm/api/getMatch.php on line 2
[27-Mar-2019 23:59:38 UTC] PHP Stack trace:
[27-Mar-2019 23:59:38 UTC] PHP   1. {main}() /home/ubuntu/workspace/s2019cst336s2/midterm/api/getMatch.php:0
[27-Mar-2019 23:59:38 UTC] PHP Fatal error:  Call to undefined function getDatabaseConnection() in /home/ubuntu/workspace/s2019cst336s2/midterm/api/getMatch.php on line 4
[27-Mar-2019 23:59:38 UTC] PHP Stack trace:
[27-Mar-2019 23:59:38 UTC] PHP   1. {main}() /home/ubuntu/workspace/s2019cst336s2/midterm/api/getMatch.php:0
[27-Mar-2019 23:59:45 UTC] PHP Warning:  include(/DBConnect.php): failed to open stream: No such file or directory in /home/ubuntu/workspace/s2019cst336s2/midterm/api/getMatch.php on line 2
[27-Mar-2019 23:59:45 UTC] PHP Stack trace:
[27-Mar-2019 23:59:45 UTC] PHP   1. {main}() /home/ubuntu/workspace/s2019cst336s2/midterm/api/getMatch.php:0
[27-Mar-2019 23:59:45 UTC] PHP Warning:  include(): Failed opening '/DBConnect.php' for inclusion (include_path='.:/usr/share/php:/usr/share/pear') in /home/ubuntu/workspace/s2019cst336s2/midterm/api/getMatch.php on line 2
[27-Mar-2019 23:59:45 UTC] PHP Stack trace:
[27-Mar-2019 23:59:45 UTC] PHP   1. {main}() /home/ubuntu/workspace/s2019cst336s2/midterm/api/getMatch.php:0
[27-Mar-2019 23:59:45 UTC] PHP Fatal error:  Call to undefined function getDatabaseConnection() in /home/ubuntu/workspace/s2019cst336s2/midterm/api/getMatch.php on line 4
[27-Mar-2019 23:59:45 UTC] PHP Stack trace:
[27-Mar-2019 23:59:45 UTC] PHP   1. {main}() /home/ubuntu/workspace/s2019cst336s2/midterm/api/getMatch.php:0
[27-Mar-2019 23:59:45 UTC] PHP Warning:  include(/DBConnect.php): failed to open stream: No such file or directory in /home/ubuntu/workspace/s2019cst336s2/midterm/api/getMatch.php on line 2
[27-Mar-2019 23:59:45 UTC] PHP Stack trace:
[27-Mar-2019 23:59:45 UTC] PHP   1. {main}() /home/ubuntu/workspace/s2019cst336s2/midterm/api/getMatch.php:0
[27-Mar-2019 23:59:45 UTC] PHP Warning:  include(): Failed opening '/DBConnect.php' for inclusion (include_path='.:/usr/share/php:/usr/share/pear') in /home/ubuntu/workspace/s2019cst336s2/midterm/api/getMatch.php on line 2
[27-Mar-2019 23:59:45 UTC] PHP Stack trace:
[27-Mar-2019 23:59:45 UTC] PHP   1. {main}() /home/ubuntu/workspace/s2019cst336s2/midterm/api/getMatch.php:0
[27-Mar-2019 23:59:45 UTC] PHP Fatal error:  Call to undefined function getDatabaseConnection() in /home/ubuntu/workspace/s2019cst336s2/midterm/api/getMatch.php on line 4
[27-Mar-2019 23:59:45 UTC] PHP Stack trace:
[27-Mar-2019 23:59:45 UTC] PHP   1. {main}() /home/ubuntu/workspace/s2019cst336s2/midterm/api/getMatch.php:0
[27-Mar-2019 23:59:45 UTC] PHP Warning:  include(/DBConnect.php): failed to open stream: No such file or directory in /home/ubuntu/workspace/s2019cst336s2/midterm/api/getMatch.php on line 2
[27-Mar-2019 23:59:45 UTC] PHP Stack trace:
[27-Mar-2019 23:59:45 UTC] PHP   1. {main}() /home/ubuntu/workspace/s2019cst336s2/midterm/api/getMatch.php:0
[27-Mar-2019 23:59:45 UTC] PHP Warning:  include(): Failed opening '/DBConnect.php' for inclusion (include_path='.:/usr/share/php:/usr/share/pear') in /home/ubuntu/workspace/s2019cst336s2/midterm/api/getMatch.php on line 2
[27-Mar-2019 23:59:45 UTC] PHP Stack trace:
[27-Mar-2019 23:59:45 UTC] PHP   1. {main}() /home/ubuntu/workspace/s2019cst336s2/midterm/api/getMatch.php:0
[27-Mar-2019 23:59:45 UTC] PHP Fatal error:  Call to undefined function getDatabaseConnection() in /home/ubuntu/workspace/s2019cst336s2/midterm/api/getMatch.php on line 4
[27-Mar-2019 23:59:45 UTC] PHP Stack trace:
[27-Mar-2019 23:59:45 UTC] PHP   1. {main}() /home/ubuntu/workspace/s2019cst336s2/midterm/api/getMatch.php:0
[27-Mar-2019 23:59:46 UTC] PHP Warning:  include(/DBConnect.php): failed to open stream: No such file or directory in /home/ubuntu/workspace/s2019cst336s2/midterm/api/getMatch.php on line 2
[27-Mar-2019 23:59:46 UTC] PHP Stack trace:
[27-Mar-2019 23:59:46 UTC] PHP   1. {main}() /home/ubuntu/workspace/s2019cst336s2/midterm/api/getMatch.php:0
[27-Mar-2019 23:59:46 UTC] PHP Warning:  include(): Failed opening '/DBConnect.php' for inclusion (include_path='.:/usr/share/php:/usr/share/pear') in /home/ubuntu/workspace/s2019cst336s2/midterm/api/getMatch.php on line 2
[27-Mar-2019 23:59:46 UTC] PHP Stack trace:
[27-Mar-2019 23:59:46 UTC] PHP   1. {main}() /home/ubuntu/workspace/s2019cst336s2/midterm/api/getMatch.php:0
[27-Mar-2019 23:59:46 UTC] PHP Fatal error:  Call to undefined function getDatabaseConnection() in /home/ubuntu/workspace/s2019cst336s2/midterm/api/getMatch.php on line 4
[27-Mar-2019 23:59:46 UTC] PHP Stack trace:
[27-Mar-2019 23:59:46 UTC] PHP   1. {main}() /home/ubuntu/workspace/s2019cst336s2/midterm/api/getMatch.php:0
[27-Mar-2019 23:59:48 UTC] PHP Warning:  include(/DBConnect.php): failed to open stream: No such file or directory in /home/ubuntu/workspace/s2019cst336s2/midterm/api/getMatch.php on line 2
[27-Mar-2019 23:59:48 UTC] PHP Stack trace:
[27-Mar-2019 23:59:48 UTC] PHP   1. {main}() /home/ubuntu/workspace/s2019cst336s2/midterm/api/getMatch.php:0
[27-Mar-2019 23:59:48 UTC] PHP Warning:  include(): Failed opening '/DBConnect.php' for inclusion (include_path='.:/usr/share/php:/usr/share/pear') in /home/ubuntu/workspace/s2019cst336s2/midterm/api/getMatch.php on line 2
[27-Mar-2019 23:59:48 UTC] PHP Stack trace:
[27-Mar-2019 23:59:48 UTC] PHP   1. {main}() /home/ubuntu/workspace/s2019cst336s2/midterm/api/getMatch.php:0
[27-Mar-2019 23:59:48 UTC] PHP Fatal error:  Call to undefined function getDatabaseConnection() in /home/ubuntu/workspace/s2019cst336s2/midterm/api/getMatch.php on line 4
[27-Mar-2019 23:59:48 UTC] PHP Stack trace:
[27-Mar-2019 23:59:48 UTC] PHP   1. {main}() /home/ubuntu/workspace/s2019cst336s2/midterm/api/getMatch.php:0
[27-Mar-2019 23:59:50 UTC] PHP Warning:  include(/DBConnect.php): failed to open stream: No such file or directory in /home/ubuntu/workspace/s2019cst336s2/midterm/api/getMatch.php on line 2
[27-Mar-2019 23:59:50 UTC] PHP Stack trace:
[27-Mar-2019 23:59:50 UTC] PHP   1. {main}() /home/ubuntu/workspace/s2019cst336s2/midterm/api/getMatch.php:0
[27-Mar-2019 23:59:50 UTC] PHP Warning:  include(): Failed opening '/DBConnect.php' for inclusion (include_path='.:/usr/share/php:/usr/share/pear') in /home/ubuntu/workspace/s2019cst336s2/midterm/api/getMatch.php on line 2
[27-Mar-2019 23:59:50 UTC] PHP Stack trace:
[27-Mar-2019 23:59:50 UTC] PHP   1. {main}() /home/ubuntu/workspace/s2019cst336s2/midterm/api/getMatch.php:0
[27-Mar-2019 23:59:50 UTC] PHP Fatal error:  Call to undefined function getDatabaseConnection() in /home/ubuntu/workspace/s2019cst336s2/midterm/api/getMatch.php on line 4
[27-Mar-2019 23:59:50 UTC] PHP Stack trace:
[27-Mar-2019 23:59:50 UTC] PHP   1. {main}() /home/ubuntu/workspace/s2019cst336s2/midterm/api/getMatch.php:0
[27-Mar-2019 23:59:51 UTC] PHP Warning:  include(/DBConnect.php): failed to open stream: No such file or directory in /home/ubuntu/workspace/s2019cst336s2/midterm/api/getMatch.php on line 2
[27-Mar-2019 23:59:51 UTC] PHP Stack trace:
[27-Mar-2019 23:59:51 UTC] PHP   1. {main}() /home/ubuntu/workspace/s2019cst336s2/midterm/api/getMatch.php:0
[27-Mar-2019 23:59:51 UTC] PHP Warning:  include(): Failed opening '/DBConnect.php' for inclusion (include_path='.:/usr/share/php:/usr/share/pear') in /home/ubuntu/workspace/s2019cst336s2/midterm/api/getMatch.php on line 2
[27-Mar-2019 23:59:51 UTC] PHP Stack trace:
[27-Mar-2019 23:59:51 UTC] PHP   1. {main}() /home/ubuntu/workspace/s2019cst336s2/midterm/api/getMatch.php:0
[27-Mar-2019 23:59:51 UTC] PHP Fatal error:  Call to undefined function getDatabaseConnection() in /home/ubuntu/workspace/s2019cst336s2/midterm/api/getMatch.php on line 4
[27-Mar-2019 23:59:51 UTC] PHP Stack trace:
[27-Mar-2019 23:59:51 UTC] PHP   1. {main}() /home/ubuntu/workspace/s2019cst336s2/midterm/api/getMatch.php:0
[27-Mar-2019 23:59:51 UTC] PHP Warning:  include(/DBConnect.php): failed to open stream: No such file or directory in /home/ubuntu/workspace/s2019cst336s2/midterm/api/getMatch.php on line 2
[27-Mar-2019 23:59:51 UTC] PHP Stack trace:
[27-Mar-2019 23:59:51 UTC] PHP   1. {main}() /home/ubuntu/workspace/s2019cst336s2/midterm/api/getMatch.php:0
[27-Mar-2019 23:59:51 UTC] PHP Warning:  include(): Failed opening '/DBConnect.php' for inclusion (include_path='.:/usr/share/php:/usr/share/pear') in /home/ubuntu/workspace/s2019cst336s2/midterm/api/getMatch.php on line 2
[27-Mar-2019 23:59:51 UTC] PHP Stack trace:
[27-Mar-2019 23:59:51 UTC] PHP   1. {main}() /home/ubuntu/workspace/s2019cst336s2/midterm/api/getMatch.php:0
[27-Mar-2019 23:59:51 UTC] PHP Fatal error:  Call to undefined function getDatabaseConnection() in /home/ubuntu/workspace/s2019cst336s2/midterm/api/getMatch.php on line 4
[27-Mar-2019 23:59:51 UTC] PHP Stack trace:
[27-Mar-2019 23:59:51 UTC] PHP   1. {main}() /home/ubuntu/workspace/s2019cst336s2/midterm/api/getMatch.php:0
[27-Mar-2019 23:59:57 UTC] PHP Warning:  include(/DBConnect.php): failed to open stream: No such file or directory in /home/ubuntu/workspace/s2019cst336s2/midterm/api/getMatch.php on line 2
[27-Mar-2019 23:59:57 UTC] PHP Stack trace:
[27-Mar-2019 23:59:57 UTC] PHP   1. {main}() /home/ubuntu/workspace/s2019cst336s2/midterm/api/getMatch.php:0
[27-Mar-2019 23:59:57 UTC] PHP Warning:  include(): Failed opening '/DBConnect.php' for inclusion (include_path='.:/usr/share/php:/usr/share/pear') in /home/ubuntu/workspace/s2019cst336s2/midterm/api/getMatch.php on line 2
[27-Mar-2019 23:59:57 UTC] PHP Stack trace:
[27-Mar-2019 23:59:57 UTC] PHP   1. {main}() /home/ubuntu/workspace/s2019cst336s2/midterm/api/getMatch.php:0
[27-Mar-2019 23:59:57 UTC] PHP Fatal error:  Call to undefined function getDatabaseConnection() in /home/ubuntu/workspace/s2019cst336s2/midterm/api/getMatch.php on line 4
[27-Mar-2019 23:59:57 UTC] PHP Stack trace:
[27-Mar-2019 23:59:57 UTC] PHP   1. {main}() /home/ubuntu/workspace/s2019cst336s2/midterm/api/getMatch.php:0
[27-Mar-2019 23:59:59 UTC] PHP Warning:  include(/DBConnect.php): failed to open stream: No such file or directory in /home/ubuntu/workspace/s2019cst336s2/midterm/api/getMatch.php on line 2
[27-Mar-2019 23:59:59 UTC] PHP Stack trace:
[27-Mar-2019 23:59:59 UTC] PHP   1. {main}() /home/ubuntu/workspace/s2019cst336s2/midterm/api/getMatch.php:0
[27-Mar-2019 23:59:59 UTC] PHP Warning:  include(): Failed opening '/DBConnect.php' for inclusion (include_path='.:/usr/share/php:/usr/share/pear') in /home/ubuntu/workspace/s2019cst336s2/midterm/api/getMatch.php on line 2
[27-Mar-2019 23:59:59 UTC] PHP Stack trace:
[27-Mar-2019 23:59:59 UTC] PHP   1. {main}() /home/ubuntu/workspace/s2019cst336s2/midterm/api/getMatch.php:0
[27-Mar-2019 23:59:59 UTC] PHP Fatal error:  Call to undefined function getDatabaseConnection() in /home/ubuntu/workspace/s2019cst336s2/midterm/api/getMatch.php on line 4
[27-Mar-2019 23:59:59 UTC] PHP Stack trace:
[27-Mar-2019 23:59:59 UTC] PHP   1. {main}() /home/ubuntu/workspace/s2019cst336s2/midterm/api/getMatch.php:0
[27-Mar-2019 23:59:59 UTC] PHP Warning:  include(/DBConnect.php): failed to open stream: No such file or directory in /home/ubuntu/workspace/s2019cst336s2/midterm/api/getMatch.php on line 2
[27-Mar-2019 23:59:59 UTC] PHP Stack trace:
[27-Mar-2019 23:59:59 UTC] PHP   1. {main}() /home/ubuntu/workspace/s2019cst336s2/midterm/api/getMatch.php:0
[27-Mar-2019 23:59:59 UTC] PHP Warning:  include(): Failed opening '/DBConnect.php' for inclusion (include_path='.:/usr/share/php:/usr/share/pear') in /home/ubuntu/workspace/s2019cst336s2/midterm/api/getMatch.php on line 2
[27-Mar-2019 23:59:59 UTC] PHP Stack trace:
[27-Mar-2019 23:59:59 UTC] PHP   1. {main}() /home/ubuntu/workspace/s2019cst336s2/midterm/api/getMatch.php:0
[27-Mar-2019 23:59:59 UTC] PHP Fatal error:  Call to undefined function getDatabaseConnection() in /home/ubuntu/workspace/s2019cst336s2/midterm/api/getMatch.php on line 4
[27-Mar-2019 23:59:59 UTC] PHP Stack trace:
[27-Mar-2019 23:59:59 UTC] PHP   1. {main}() /home/ubuntu/workspace/s2019cst336s2/midterm/api/getMatch.php:0
[28-Mar-2019 00:00:00 UTC] PHP Warning:  include(/DBConnect.php): failed to open stream: No such file or directory in /home/ubuntu/workspace/s2019cst336s2/midterm/api/getMatch.php on line 2
[28-Mar-2019 00:00:00 UTC] PHP Stack trace:
[28-Mar-2019 00:00:00 UTC] PHP   1. {main}() /home/ubuntu/workspace/s2019cst336s2/midterm/api/getMatch.php:0
[28-Mar-2019 00:00:00 UTC] PHP Warning:  include(): Failed opening '/DBConnect.php' for inclusion (include_path='.:/usr/share/php:/usr/share/pear') in /home/ubuntu/workspace/s2019cst336s2/midterm/api/getMatch.php on line 2
[28-Mar-2019 00:00:00 UTC] PHP Stack trace:
[28-Mar-2019 00:00:00 UTC] PHP   1. {main}() /home/ubuntu/workspace/s2019cst336s2/midterm/api/getMatch.php:0
[28-Mar-2019 00:00:00 UTC] PHP Fatal error:  Call to undefined function getDatabaseConnection() in /home/ubuntu/workspace/s2019cst336s2/midterm/api/getMatch.php on line 4
[28-Mar-2019 00:00:00 UTC] PHP Stack trace:
[28-Mar-2019 00:00:00 UTC] PHP   1. {main}() /home/ubuntu/workspace/s2019cst336s2/midterm/api/getMatch.php:0
[28-Mar-2019 00:01:29 UTC] PHP Warning:  include(/DBConnect.php): failed to open stream: No such file or directory in /home/ubuntu/workspace/s2019cst336s2/midterm/api/getMatch.php on line 2
[28-Mar-2019 00:01:29 UTC] PHP Stack trace:
[28-Mar-2019 00:01:29 UTC] PHP   1. {main}() /home/ubuntu/workspace/s2019cst336s2/midterm/api/getMatch.php:0
[28-Mar-2019 00:01:29 UTC] PHP Warning:  include(): Failed opening '/DBConnect.php' for inclusion (include_path='.:/usr/share/php:/usr/share/pear') in /home/ubuntu/workspace/s2019cst336s2/midterm/api/getMatch.php on line 2
[28-Mar-2019 00:01:29 UTC] PHP Stack trace:
[28-Mar-2019 00:01:29 UTC] PHP   1. {main}() /home/ubuntu/workspace/s2019cst336s2/midterm/api/getMatch.php:0
[28-Mar-2019 00:01:29 UTC] PHP Fatal error:  Call to undefined function getDatabaseConnection() in /home/ubuntu/workspace/s2019cst336s2/midterm/api/getMatch.php on line 4
[28-Mar-2019 00:01:29 UTC] PHP Stack trace:
[28-Mar-2019 00:01:29 UTC] PHP   1. {main}() /home/ubuntu/workspace/s2019cst336s2/midterm/api/getMatch.php:0
[28-Mar-2019 00:01:30 UTC] PHP Warning:  include(/DBConnect.php): failed to open stream: No such file or directory in /home/ubuntu/workspace/s2019cst336s2/midterm/api/getMatch.php on line 2
[28-Mar-2019 00:01:30 UTC] PHP Stack trace:
[28-Mar-2019 00:01:30 UTC] PHP   1. {main}() /home/ubuntu/workspace/s2019cst336s2/midterm/api/getMatch.php:0
[28-Mar-2019 00:01:30 UTC] PHP Warning:  include(): Failed opening '/DBConnect.php' for inclusion (include_path='.:/usr/share/php:/usr/share/pear') in /home/ubuntu/workspace/s2019cst336s2/midterm/api/getMatch.php on line 2
[28-Mar-2019 00:01:30 UTC] PHP Stack trace:
[28-Mar-2019 00:01:30 UTC] PHP   1. {main}() /home/ubuntu/workspace/s2019cst336s2/midterm/api/getMatch.php:0
[28-Mar-2019 00:01:30 UTC] PHP Fatal error:  Call to undefined function getDatabaseConnection() in /home/ubuntu/workspace/s2019cst336s2/midterm/api/getMatch.php on line 4
[28-Mar-2019 00:01:30 UTC] PHP Stack trace:
[28-Mar-2019 00:01:30 UTC] PHP   1. {main}() /home/ubuntu/workspace/s2019cst336s2/midterm/api/getMatch.php:0
[28-Mar-2019 00:01:33 UTC] PHP Warning:  include(/DBConnect.php): failed to open stream: No such file or directory in /home/ubuntu/workspace/s2019cst336s2/midterm/api/getMatch.php on line 2
[28-Mar-2019 00:01:33 UTC] PHP Stack trace:
[28-Mar-2019 00:01:33 UTC] PHP   1. {main}() /home/ubuntu/workspace/s2019cst336s2/midterm/api/getMatch.php:0
[28-Mar-2019 00:01:33 UTC] PHP Warning:  include(): Failed opening '/DBConnect.php' for inclusion (include_path='.:/usr/share/php:/usr/share/pear') in /home/ubuntu/workspace/s2019cst336s2/midterm/api/getMatch.php on line 2
[28-Mar-2019 00:01:33 UTC] PHP Stack trace:
[28-Mar-2019 00:01:33 UTC] PHP   1. {main}() /home/ubuntu/workspace/s2019cst336s2/midterm/api/getMatch.php:0
[28-Mar-2019 00:01:33 UTC] PHP Fatal error:  Call to undefined function getDatabaseConnection() in /home/ubuntu/workspace/s2019cst336s2/midterm/api/getMatch.php on line 4
[28-Mar-2019 00:01:33 UTC] PHP Stack trace:
[28-Mar-2019 00:01:33 UTC] PHP   1. {main}() /home/ubuntu/workspace/s2019cst336s2/midterm/api/getMatch.php:0
